<?xml version="1.0" encoding="UTF-8"?>
<!-- Generated by org.testng.reporters.JUnitReportReporter -->
<testsuite hostname="mypc" name="com.selenium.kt.Test" tests="1" failures="0" timestamp="25 May 2020 11:15:17 GMT" time="6.309" errors="0">
  <testcase name="setUp" time="6.309" classname="com.selenium.kt.Test"/>
</testsuite> <!-- com.selenium.kt.Test -->
