<?xml version="1.0" encoding="UTF-8"?>
<!-- Generated by org.testng.reporters.JUnitReportReporter -->
<testsuite hostname="mypc" name="com.javascript.JavascriptExecutorDemo" tests="1" failures="0" timestamp="29 May 2020 05:55:31 GMT" time="80.600" errors="0">
  <testcase name="senKeysByJS" time="80.600" classname="com.javascript.JavascriptExecutorDemo"/>
</testsuite> <!-- com.javascript.JavascriptExecutorDemo -->
