<?xml version="1.0" encoding="UTF-8"?>
<!-- Generated by org.testng.reporters.JUnitReportReporter -->
<testsuite hostname="mypc" name="com.selenium.kt.SampleTest" tests="1" failures="0" timestamp="25 May 2020 11:21:37 GMT" time="9.588" errors="0">
  <testcase name="setUp" time="9.588" classname="com.selenium.kt.SampleTest"/>
</testsuite> <!-- com.selenium.kt.SampleTest -->
